Removed Pin From Net: NetName=VBUS Pin=C1-1
Removed Pin From Net: NetName=GND Pin=C1-2
Removed Pin From Net: NetName=GND Pin=C2-1
Removed Pin From Net: NetName=+3.3V Pin=C2-2
Removed Pin From Net: NetName=GND Pin=C3-1
Removed Pin From Net: NetName=+3.3V Pin=C3-2
Removed Pin From Net: NetName=GND Pin=C4-1
Removed Pin From Net: NetName=+3.3V Pin=C4-2
Removed Pin From Net: NetName=EN Pin=C5-1
Removed Pin From Net: NetName=BOOT Pin=C7-1
Removed Pin From Net: NetName=GND Pin=C8-1
Removed Pin From Net: NetName=+3.3V Pin=C8-2
Change Component Footprint: Designator=C8 Old Footprint=CAPC1608X90X40NL10T20 New Footprint=CAPC1608X94X35NL15T15
Change Component Footprint: Designator=C2 Old Footprint=CAPC2013X145X50ML20T25 New Footprint=CAPC0603(1608)100_L
Change Component Footprint: Designator=C3 Old Footprint=CAPC2013X145X50ML20T25 New Footprint=CAPC0603(1608)100_L
Change Component Footprint: Designator=C5 Old Footprint=CAPC2013X145X50ML20T25 New Footprint=CAPC0603(1608)100_L
Change Component Footprint: Designator=C1 Old Footprint=CAPC2013X145X50ML20T25 New Footprint=CAPC1608X90X40NL10T20
Change Component Footprint: Designator=C4 Old Footprint=CAPC2013X145X50ML20T25 New Footprint=CAPC1608X90X40NL10T20
Change Component Footprint: Designator=C6 Old Footprint=CAPC2013X145X50ML20T25 New Footprint=CAPC1608X94X35NL15T15
Change Component Footprint: Designator=C7 Old Footprint=CAPC2013X145X50ML20T25 New Footprint=CAPC1608X94X35NL15T15
Change Component Footprint: Designator=R2 Old Footprint=RESC2013X50X35ML15T15 New Footprint=RESC1608X55X25ML10T15
Change Component Footprint: Designator=R3 Old Footprint=RESC2013X50X35ML15T15 New Footprint=RESC1608X55X25ML10T15
Change Component Footprint: Designator=R4 Old Footprint=RESC2013X50X35ML15T15 New Footprint=RESC1608X55X25ML10T15
Change Component Footprint: Designator=R5 Old Footprint=RESC2013X50X35ML15T15 New Footprint=RESC1608X55X25ML10T15
Change Component Footprint: Designator=R6 Old Footprint=RESC2013X50X35ML15T15 New Footprint=RESC1608X55X25ML10T15
Change Component Comment : Designator=C6 Old Comment=Capacitor 1 uF +/- 10% 25 V 0805 New Comment=Capacitor 1 uF +/- 10% 16 V 0603
Change Component Comment : Designator=C7 Old Comment=Capacitor 1 uF +/- 10% 25 V 0805 New Comment=Capacitor 1 uF +/- 10% 16 V 0603
Change Component Comment : Designator=C2 Old Comment=Capacitor 1 uF +/- 10% 25 V 0805 New Comment=Capacitor 10µF +/-20% 10V 0603
Change Component Comment : Designator=C3 Old Comment=Capacitor 1 uF +/- 10% 25 V 0805 New Comment=Capacitor 10µF +/-20% 10V 0603
Change Component Comment : Designator=C5 Old Comment=Capacitor 1 uF +/- 10% 25 V 0805 New Comment=Capacitor 10µF +/-20% 10V 0603
Change Component Comment : Designator=C1 Old Comment=Capacitor 1 uF +/- 10% 25 V 0805 New Comment=Capacitor 100 nF +/-10% 50 V 0603
Change Component Comment : Designator=C4 Old Comment=Capacitor 1 uF +/- 10% 25 V 0805 New Comment=Capacitor 100 nF +/-10% 50 V 0603
Change Component Comment : Designator=C8 Old Comment=Capacitor 100 nF +/-10% 50 V 0603 New Comment=Capacitor 1 uF +/- 10% 16 V 0603
Change Component Comment : Designator=R4 Old Comment=Resistor 0R +/- 1% 0805 125 mW New Comment=Resistor 4k7 +/-1% 0603 100 mW
Change Component Comment : Designator=R5 Old Comment=Resistor 0R +/- 1% 0805 125 mW New Comment=Resistor 4k7 +/-1% 0603 100 mW
Change Component Comment : Designator=R2 Old Comment=Resistor 0R +/- 1% 0805 125 mW New Comment=Resistor 10k +/-1% 0603 100 mW
Change Component Comment : Designator=R3 Old Comment=Resistor 0R +/- 1% 0805 125 mW New Comment=Resistor 10k +/-1% 0603 100 mW
Change Component Comment : Designator=R6 Old Comment=Resistor 0R +/- 1% 0805 125 mW New Comment=Resistor 10k +/-1% 0603 100 mW
Added Pin To Net: NetName=GND Pin=C1-1
Added Pin To Net: NetName=+3.3V Pin=C1-2
Added Pin To Net: NetName=VBUS Pin=C2-1
Added Pin To Net: NetName=GND Pin=C2-2
Added Pin To Net: NetName=+3.3V Pin=C3-1
Added Pin To Net: NetName=GND Pin=C3-2
Added Pin To Net: NetName=+3.3V Pin=C4-1
Added Pin To Net: NetName=GND Pin=C4-2
Added Pin To Net: NetName=+3.3V Pin=C5-1
Added Pin To Net: NetName=EN Pin=C7-1
Added Pin To Net: NetName=BOOT Pin=C8-1
Added Pin To Net: NetName=GND Pin=C8-2
